<?xml version="1.0" encoding="UTF-8"?>
<!-- Generated by org.testng.reporters.JUnitXMLReporter -->
<testsuite ignored="0" hostname="Yaaminee" failures="0" tests="2" name="Default test" time="61.796" errors="0" timestamp="2024-07-19T13:46:20 EDT">
  <testcase classname="com.QuebecBonds.FinalProject_Yaaminee.TestCases" name="changeLanguage" time="2.983"/>
  <testcase classname="com.QuebecBonds.FinalProject_Yaaminee.TestCases" name="findBondTableRows" time="55.976"/>
</testsuite> <!-- Default test -->
